{"name":"Add product to cart successfully","id":"buy-product;add-product-to-cart-successfully","testSteps":[{"number":1,"description":"Given he user enter the website","duration":5286,"startTime":"2023-09-21T09:58:55.312-05:00[America/Bogota]","screenshots":[{"screenshot":"0f3b521eea321c61864d57d313e8089cae27f6d3260352c39d7f9b09493a512b.png","timeStamp":1695308340598}],"result":"SUCCESS","precondition":false,"level":0,"children":[{"number":2,"description":"Rosa opens the https://www.saucedemo.com/","duration":5019,"startTime":"2023-09-21T09:58:55.564-05:00[America/Bogota]","screenshots":[{"screenshot":"0f3b521eea321c61864d57d313e8089cae27f6d3260352c39d7f9b09493a512b.png","timeStamp":1695308340582}],"result":"SUCCESS","precondition":false,"level":1}]},{"number":3,"description":"When the user select a product","duration":6962,"startTime":"2023-09-21T09:59:00.600-05:00[America/Bogota]","screenshots":[{"screenshot":"0f3b521eea321c61864d57d313e8089cae27f6d3260352c39d7f9b09493a512b.png","timeStamp":1695308340606}],"exception":{"errorType":"net.thucydides.core.webdriver.exceptions.ElementShouldBeEnabledException","message":"Expected enabled element was not enabled","stackTrace":[{"declaringClass":"com.co.swag.tasks.CartProductTask","methodName":"performAs","fileName":"CartProductTask.java","lineNumber":12},{"declaringClass":"com.co.swag.stepdefinitons.ProductStepDefinition","methodName":"theUserSelectAProduct","fileName":"ProductStepDefinition.java","lineNumber":11},{"declaringClass":"cucumber.runner.Runner","methodName":"runPickle","fileName":"Runner.java","lineNumber":80},{"declaringClass":"worker.org.gradle.process.internal.worker.GradleWorkerMain","methodName":"run","fileName":"GradleWorkerMain.java","lineNumber":69},{"declaringClass":"worker.org.gradle.process.internal.worker.GradleWorkerMain","methodName":"main","fileName":"GradleWorkerMain.java","lineNumber":74}],"rootCause":{"errorType":"org.openqa.selenium.TimeoutException","message":"Expected condition failed: waiting for By.xpath: //button[@id\u003d\u0027add-to-cart-sauce-labs-backpack\u0027] to be enabled (tried for 5 second(s) with 100 milliseconds interval)","stackTrace":[{"declaringClass":"com.co.swag.tasks.CartProductTask","methodName":"performAs","fileName":"CartProductTask.java","lineNumber":12},{"declaringClass":"com.co.swag.stepdefinitons.ProductStepDefinition","methodName":"theUserSelectAProduct","fileName":"ProductStepDefinition.java","lineNumber":11},{"declaringClass":"cucumber.runner.Runner","methodName":"runPickle","fileName":"Runner.java","lineNumber":80},{"declaringClass":"worker.org.gradle.process.internal.worker.GradleWorkerMain","methodName":"run","fileName":"GradleWorkerMain.java","lineNumber":69},{"declaringClass":"worker.org.gradle.process.internal.worker.GradleWorkerMain","methodName":"main","fileName":"GradleWorkerMain.java","lineNumber":74}],"rootCause":{"errorType":"org.openqa.selenium.NoSuchElementException","message":"no such element: Unable to locate element: {\"method\":\"xpath\",\"selector\":\"//button[@id\u003d\u0027add-to-cart-sauce-labs-backpack\u0027]\"}\n  (Session info: chrome\u003d116.0.5845.188)\nFor documentation on this error, please visit: https://www.seleniumhq.org/exceptions/no_such_element.html\nBuild info: version: \u00273.141.59\u0027, revision: \u0027e82be7d358\u0027, time: \u00272018-11-14T08:17:03\u0027\nSystem info: host: \u0027DESKTOP-SN1JVCC\u0027, ip: \u0027192.168.56.1\u0027, os.name: \u0027Windows 10\u0027, os.arch: \u0027amd64\u0027, os.version: \u002710.0\u0027, java.version: \u00271.8.0_161\u0027\nDriver info: org.openqa.selenium.chrome.ChromeDriver\nCapabilities {acceptInsecureCerts: false, browserName: chrome, browserVersion: 116.0.5845.188, chrome: {chromedriverVersion: 116.0.5845.96 (1a3918166880..., userDataDir: C:\\Users\\FABRIC~1\\AppData\\L...}, fedcm:accounts: true, goog:chromeOptions: {debuggerAddress: localhost:52001}, javascriptEnabled: true, networkConnectionEnabled: false, pageLoadStrategy: normal, platform: WINDOWS, platformName: WINDOWS, proxy: Proxy(), setWindowRect: true, strictFileInteractability: false, timeouts: {implicit: 0, pageLoad: 300000, script: 30000}, unhandledPromptBehavior: dismiss and notify, webauthn:extension:credBlob: true, webauthn:extension:largeBlob: true, webauthn:extension:minPinLength: true, webauthn:extension:prf: true, webauthn:virtualAuthenticators: true}\nSession ID: 2293b85bda528f88e0bd90067163be34\n*** Element info: {Using\u003dxpath, value\u003d//button[@id\u003d\u0027add-to-cart-sauce-labs-backpack\u0027]}","stackTrace":[{"declaringClass":"com.co.swag.tasks.CartProductTask","methodName":"performAs","fileName":"CartProductTask.java","lineNumber":12},{"declaringClass":"com.co.swag.stepdefinitons.ProductStepDefinition","methodName":"theUserSelectAProduct","fileName":"ProductStepDefinition.java","lineNumber":11},{"declaringClass":"cucumber.runner.Runner","methodName":"runPickle","fileName":"Runner.java","lineNumber":80},{"declaringClass":"worker.org.gradle.process.internal.worker.GradleWorkerMain","methodName":"run","fileName":"GradleWorkerMain.java","lineNumber":69},{"declaringClass":"worker.org.gradle.process.internal.worker.GradleWorkerMain","methodName":"main","fileName":"GradleWorkerMain.java","lineNumber":74}]}}},"result":"FAILURE","precondition":false,"level":0,"children":[{"number":4,"description":"Rosa cart product task","duration":6940,"startTime":"2023-09-21T09:59:00.614-05:00[America/Bogota]","screenshots":[{"screenshot":"0f3b521eea321c61864d57d313e8089cae27f6d3260352c39d7f9b09493a512b.png","timeStamp":1695308340620}],"exception":{"errorType":"net.thucydides.core.webdriver.exceptions.ElementShouldBeEnabledException","message":"Expected enabled element was not enabled","stackTrace":[{"declaringClass":"com.co.swag.tasks.CartProductTask","methodName":"performAs","fileName":"CartProductTask.java","lineNumber":12},{"declaringClass":"com.co.swag.stepdefinitons.ProductStepDefinition","methodName":"theUserSelectAProduct","fileName":"ProductStepDefinition.java","lineNumber":11},{"declaringClass":"cucumber.runner.Runner","methodName":"runPickle","fileName":"Runner.java","lineNumber":80},{"declaringClass":"worker.org.gradle.process.internal.worker.GradleWorkerMain","methodName":"run","fileName":"GradleWorkerMain.java","lineNumber":69},{"declaringClass":"worker.org.gradle.process.internal.worker.GradleWorkerMain","methodName":"main","fileName":"GradleWorkerMain.java","lineNumber":74}],"rootCause":{"errorType":"org.openqa.selenium.TimeoutException","message":"Expected condition failed: waiting for By.xpath: //button[@id\u003d\u0027add-to-cart-sauce-labs-backpack\u0027] to be enabled (tried for 5 second(s) with 100 milliseconds interval)","stackTrace":[{"declaringClass":"com.co.swag.tasks.CartProductTask","methodName":"performAs","fileName":"CartProductTask.java","lineNumber":12},{"declaringClass":"com.co.swag.stepdefinitons.ProductStepDefinition","methodName":"theUserSelectAProduct","fileName":"ProductStepDefinition.java","lineNumber":11},{"declaringClass":"cucumber.runner.Runner","methodName":"runPickle","fileName":"Runner.java","lineNumber":80},{"declaringClass":"worker.org.gradle.process.internal.worker.GradleWorkerMain","methodName":"run","fileName":"GradleWorkerMain.java","lineNumber":69},{"declaringClass":"worker.org.gradle.process.internal.worker.GradleWorkerMain","methodName":"main","fileName":"GradleWorkerMain.java","lineNumber":74}],"rootCause":{"errorType":"org.openqa.selenium.NoSuchElementException","message":"no such element: Unable to locate element: {\"method\":\"xpath\",\"selector\":\"//button[@id\u003d\u0027add-to-cart-sauce-labs-backpack\u0027]\"}\n  (Session info: chrome\u003d116.0.5845.188)\nFor documentation on this error, please visit: https://www.seleniumhq.org/exceptions/no_such_element.html\nBuild info: version: \u00273.141.59\u0027, revision: \u0027e82be7d358\u0027, time: \u00272018-11-14T08:17:03\u0027\nSystem info: host: \u0027DESKTOP-SN1JVCC\u0027, ip: \u0027192.168.56.1\u0027, os.name: \u0027Windows 10\u0027, os.arch: \u0027amd64\u0027, os.version: \u002710.0\u0027, java.version: \u00271.8.0_161\u0027\nDriver info: org.openqa.selenium.chrome.ChromeDriver\nCapabilities {acceptInsecureCerts: false, browserName: chrome, browserVersion: 116.0.5845.188, chrome: {chromedriverVersion: 116.0.5845.96 (1a3918166880..., userDataDir: C:\\Users\\FABRIC~1\\AppData\\L...}, fedcm:accounts: true, goog:chromeOptions: {debuggerAddress: localhost:52001}, javascriptEnabled: true, networkConnectionEnabled: false, pageLoadStrategy: normal, platform: WINDOWS, platformName: WINDOWS, proxy: Proxy(), setWindowRect: true, strictFileInteractability: false, timeouts: {implicit: 0, pageLoad: 300000, script: 30000}, unhandledPromptBehavior: dismiss and notify, webauthn:extension:credBlob: true, webauthn:extension:largeBlob: true, webauthn:extension:minPinLength: true, webauthn:extension:prf: true, webauthn:virtualAuthenticators: true}\nSession ID: 2293b85bda528f88e0bd90067163be34\n*** Element info: {Using\u003dxpath, value\u003d//button[@id\u003d\u0027add-to-cart-sauce-labs-backpack\u0027]}","stackTrace":[{"declaringClass":"com.co.swag.tasks.CartProductTask","methodName":"performAs","fileName":"CartProductTask.java","lineNumber":12},{"declaringClass":"com.co.swag.stepdefinitons.ProductStepDefinition","methodName":"theUserSelectAProduct","fileName":"ProductStepDefinition.java","lineNumber":11},{"declaringClass":"cucumber.runner.Runner","methodName":"runPickle","fileName":"Runner.java","lineNumber":80},{"declaringClass":"worker.org.gradle.process.internal.worker.GradleWorkerMain","methodName":"run","fileName":"GradleWorkerMain.java","lineNumber":69},{"declaringClass":"worker.org.gradle.process.internal.worker.GradleWorkerMain","methodName":"main","fileName":"GradleWorkerMain.java","lineNumber":74}]}}},"result":"FAILURE","precondition":false,"level":1,"children":[{"number":5,"description":"Rosa clicks on a√±adir al carrito","duration":6911,"startTime":"2023-09-21T09:59:00.629-05:00[America/Bogota]","screenshots":[{"screenshot":"0f3b521eea321c61864d57d313e8089cae27f6d3260352c39d7f9b09493a512b.png","htmlSource":"pagesource7008615069025526979.html.txt","timeStamp":1695308347533}],"exception":{"errorType":"net.thucydides.core.webdriver.exceptions.ElementShouldBeEnabledException","message":"Expected enabled element was not enabled","stackTrace":[{"declaringClass":"com.co.swag.tasks.CartProductTask","methodName":"performAs","fileName":"CartProductTask.java","lineNumber":12},{"declaringClass":"com.co.swag.stepdefinitons.ProductStepDefinition","methodName":"theUserSelectAProduct","fileName":"ProductStepDefinition.java","lineNumber":11},{"declaringClass":"cucumber.runner.Runner","methodName":"runPickle","fileName":"Runner.java","lineNumber":80},{"declaringClass":"worker.org.gradle.process.internal.worker.GradleWorkerMain","methodName":"run","fileName":"GradleWorkerMain.java","lineNumber":69},{"declaringClass":"worker.org.gradle.process.internal.worker.GradleWorkerMain","methodName":"main","fileName":"GradleWorkerMain.java","lineNumber":74}],"rootCause":{"errorType":"org.openqa.selenium.TimeoutException","message":"Expected condition failed: waiting for By.xpath: //button[@id\u003d\u0027add-to-cart-sauce-labs-backpack\u0027] to be enabled (tried for 5 second(s) with 100 milliseconds interval)","stackTrace":[{"declaringClass":"com.co.swag.tasks.CartProductTask","methodName":"performAs","fileName":"CartProductTask.java","lineNumber":12},{"declaringClass":"com.co.swag.stepdefinitons.ProductStepDefinition","methodName":"theUserSelectAProduct","fileName":"ProductStepDefinition.java","lineNumber":11},{"declaringClass":"cucumber.runner.Runner","methodName":"runPickle","fileName":"Runner.java","lineNumber":80},{"declaringClass":"worker.org.gradle.process.internal.worker.GradleWorkerMain","methodName":"run","fileName":"GradleWorkerMain.java","lineNumber":69},{"declaringClass":"worker.org.gradle.process.internal.worker.GradleWorkerMain","methodName":"main","fileName":"GradleWorkerMain.java","lineNumber":74}],"rootCause":{"errorType":"org.openqa.selenium.NoSuchElementException","message":"no such element: Unable to locate element: {\"method\":\"xpath\",\"selector\":\"//button[@id\u003d\u0027add-to-cart-sauce-labs-backpack\u0027]\"}\n  (Session info: chrome\u003d116.0.5845.188)\nFor documentation on this error, please visit: https://www.seleniumhq.org/exceptions/no_such_element.html\nBuild info: version: \u00273.141.59\u0027, revision: \u0027e82be7d358\u0027, time: \u00272018-11-14T08:17:03\u0027\nSystem info: host: \u0027DESKTOP-SN1JVCC\u0027, ip: \u0027192.168.56.1\u0027, os.name: \u0027Windows 10\u0027, os.arch: \u0027amd64\u0027, os.version: \u002710.0\u0027, java.version: \u00271.8.0_161\u0027\nDriver info: org.openqa.selenium.chrome.ChromeDriver\nCapabilities {acceptInsecureCerts: false, browserName: chrome, browserVersion: 116.0.5845.188, chrome: {chromedriverVersion: 116.0.5845.96 (1a3918166880..., userDataDir: C:\\Users\\FABRIC~1\\AppData\\L...}, fedcm:accounts: true, goog:chromeOptions: {debuggerAddress: localhost:52001}, javascriptEnabled: true, networkConnectionEnabled: false, pageLoadStrategy: normal, platform: WINDOWS, platformName: WINDOWS, proxy: Proxy(), setWindowRect: true, strictFileInteractability: false, timeouts: {implicit: 0, pageLoad: 300000, script: 30000}, unhandledPromptBehavior: dismiss and notify, webauthn:extension:credBlob: true, webauthn:extension:largeBlob: true, webauthn:extension:minPinLength: true, webauthn:extension:prf: true, webauthn:virtualAuthenticators: true}\nSession ID: 2293b85bda528f88e0bd90067163be34\n*** Element info: {Using\u003dxpath, value\u003d//button[@id\u003d\u0027add-to-cart-sauce-labs-backpack\u0027]}","stackTrace":[{"declaringClass":"com.co.swag.tasks.CartProductTask","methodName":"performAs","fileName":"CartProductTask.java","lineNumber":12},{"declaringClass":"com.co.swag.stepdefinitons.ProductStepDefinition","methodName":"theUserSelectAProduct","fileName":"ProductStepDefinition.java","lineNumber":11},{"declaringClass":"cucumber.runner.Runner","methodName":"runPickle","fileName":"Runner.java","lineNumber":80},{"declaringClass":"worker.org.gradle.process.internal.worker.GradleWorkerMain","methodName":"run","fileName":"GradleWorkerMain.java","lineNumber":69},{"declaringClass":"worker.org.gradle.process.internal.worker.GradleWorkerMain","methodName":"main","fileName":"GradleWorkerMain.java","lineNumber":74}]}}},"result":"FAILURE","precondition":false,"level":2}]}]},{"number":6,"description":"Then the user see his product in the cart","duration":12,"startTime":"2023-09-21T09:59:07.581-05:00[America/Bogota]","result":"SKIPPED","precondition":false,"level":0}],"userStory":{"id":"buy-product","storyName":"Buy Product","path":"src/test/resources/features/Product.feature","narrative":"  i need buy a product","type":"feature"},"featureTag":{"name":"Features/Buy Product","type":"feature","displayName":"Features/Buy Product"},"title":"Add product to cart successfully","tags":[{"name":"Buy Product","type":"feature","displayName":"Buy Product"}],"startTime":"2023-09-21T09:58:55.134-05:00[America/Bogota]","duration":12462,"testFailureCause":{"errorType":"net.thucydides.core.webdriver.exceptions.ElementShouldBeEnabledException","message":"Expected enabled element was not enabled","stackTrace":[{"declaringClass":"com.co.swag.tasks.CartProductTask","methodName":"performAs","fileName":"CartProductTask.java","lineNumber":12},{"declaringClass":"com.co.swag.stepdefinitons.ProductStepDefinition","methodName":"theUserSelectAProduct","fileName":"ProductStepDefinition.java","lineNumber":11},{"declaringClass":"cucumber.runner.Runner","methodName":"runPickle","fileName":"Runner.java","lineNumber":80},{"declaringClass":"worker.org.gradle.process.internal.worker.GradleWorkerMain","methodName":"run","fileName":"GradleWorkerMain.java","lineNumber":69},{"declaringClass":"worker.org.gradle.process.internal.worker.GradleWorkerMain","methodName":"main","fileName":"GradleWorkerMain.java","lineNumber":74}],"rootCause":{"errorType":"org.openqa.selenium.TimeoutException","message":"Expected condition failed: waiting for By.xpath: //button[@id\u003d\u0027add-to-cart-sauce-labs-backpack\u0027] to be enabled (tried for 5 second(s) with 100 milliseconds interval)","stackTrace":[{"declaringClass":"com.co.swag.tasks.CartProductTask","methodName":"performAs","fileName":"CartProductTask.java","lineNumber":12},{"declaringClass":"com.co.swag.stepdefinitons.ProductStepDefinition","methodName":"theUserSelectAProduct","fileName":"ProductStepDefinition.java","lineNumber":11},{"declaringClass":"cucumber.runner.Runner","methodName":"runPickle","fileName":"Runner.java","lineNumber":80},{"declaringClass":"worker.org.gradle.process.internal.worker.GradleWorkerMain","methodName":"run","fileName":"GradleWorkerMain.java","lineNumber":69},{"declaringClass":"worker.org.gradle.process.internal.worker.GradleWorkerMain","methodName":"main","fileName":"GradleWorkerMain.java","lineNumber":74}],"rootCause":{"errorType":"org.openqa.selenium.NoSuchElementException","message":"no such element: Unable to locate element: {\"method\":\"xpath\",\"selector\":\"//button[@id\u003d\u0027add-to-cart-sauce-labs-backpack\u0027]\"}\n  (Session info: chrome\u003d116.0.5845.188)\nFor documentation on this error, please visit: https://www.seleniumhq.org/exceptions/no_such_element.html\nBuild info: version: \u00273.141.59\u0027, revision: \u0027e82be7d358\u0027, time: \u00272018-11-14T08:17:03\u0027\nSystem info: host: \u0027DESKTOP-SN1JVCC\u0027, ip: \u0027192.168.56.1\u0027, os.name: \u0027Windows 10\u0027, os.arch: \u0027amd64\u0027, os.version: \u002710.0\u0027, java.version: \u00271.8.0_161\u0027\nDriver info: org.openqa.selenium.chrome.ChromeDriver\nCapabilities {acceptInsecureCerts: false, browserName: chrome, browserVersion: 116.0.5845.188, chrome: {chromedriverVersion: 116.0.5845.96 (1a3918166880..., userDataDir: C:\\Users\\FABRIC~1\\AppData\\L...}, fedcm:accounts: true, goog:chromeOptions: {debuggerAddress: localhost:52001}, javascriptEnabled: true, networkConnectionEnabled: false, pageLoadStrategy: normal, platform: WINDOWS, platformName: WINDOWS, proxy: Proxy(), setWindowRect: true, strictFileInteractability: false, timeouts: {implicit: 0, pageLoad: 300000, script: 30000}, unhandledPromptBehavior: dismiss and notify, webauthn:extension:credBlob: true, webauthn:extension:largeBlob: true, webauthn:extension:minPinLength: true, webauthn:extension:prf: true, webauthn:virtualAuthenticators: true}\nSession ID: 2293b85bda528f88e0bd90067163be34\n*** Element info: {Using\u003dxpath, value\u003d//button[@id\u003d\u0027add-to-cart-sauce-labs-backpack\u0027]}","stackTrace":[{"declaringClass":"com.co.swag.tasks.CartProductTask","methodName":"performAs","fileName":"CartProductTask.java","lineNumber":12},{"declaringClass":"com.co.swag.stepdefinitons.ProductStepDefinition","methodName":"theUserSelectAProduct","fileName":"ProductStepDefinition.java","lineNumber":11},{"declaringClass":"cucumber.runner.Runner","methodName":"runPickle","fileName":"Runner.java","lineNumber":80},{"declaringClass":"worker.org.gradle.process.internal.worker.GradleWorkerMain","methodName":"run","fileName":"GradleWorkerMain.java","lineNumber":69},{"declaringClass":"worker.org.gradle.process.internal.worker.GradleWorkerMain","methodName":"main","fileName":"GradleWorkerMain.java","lineNumber":74}]}}},"testFailureClassname":"net.thucydides.core.webdriver.exceptions.ElementShouldBeEnabledException","testFailureMessage":"Expected enabled element was not enabled","testFailureSummary":"FAILURE;net.thucydides.core.webdriver.exceptions.ElementShouldBeEnabledException;Expected enabled element was not enabled;CartProductTask.java","projectKey":"","annotatedResult":"FAILURE","sessionId":"2293b85bda528f88e0bd90067163be34","driver":"chrome","isManualTestingUpToDate":false,"manual":false,"testSource":"Cucumber","actors":[{"name":"Rosa","can":["browse the web"]}],"result":"FAILURE"}